[debug] [2018-10-15T02:10:59.428Z] ----------------------------------------------------------------------
[debug] [2018-10-15T02:10:59.434Z] Command:       C:\Program Files\nodejs\node.exe C:\Users\Administrator\AppData\Roaming\npm\node_modules\firebase-tools\bin\firebase serve
[debug] [2018-10-15T02:10:59.434Z] CLI Version:   4.2.1
[debug] [2018-10-15T02:10:59.434Z] Platform:      win32
[debug] [2018-10-15T02:10:59.434Z] Node Version:  v8.12.0
[debug] [2018-10-15T02:10:59.436Z] Time:          Mon Oct 15 2018 11:10:59 GMT+0900 (대한민국 표준시)
[debug] [2018-10-15T02:10:59.436Z] ----------------------------------------------------------------------
[debug] 
[debug] [2018-10-15T02:10:59.465Z] > command requires scopes: ["email","openid","https://www.googleapis.com/auth/cloudplatformprojects.readonly","https://www.googleapis.com/auth/firebase","https://www.googleapis.com/auth/cloud-platform"]
[debug] [2018-10-15T02:10:59.467Z] > authorizing via signed-in user
[debug] [2018-10-15T02:10:59.471Z] >>> HTTP REQUEST GET https://admin.firebase.com/v1/projects/booldook-weather  
 
[debug] [2018-10-15T02:11:00.643Z] <<< HTTP RESPONSE 200
[debug] [2018-10-15T02:11:00.648Z] >>> HTTP REQUEST GET https://cloudresourcemanager.googleapis.com/v1/projects/booldook-weather  
 
[debug] [2018-10-15T02:11:01.969Z] <<< HTTP RESPONSE 200
[info] 
[info] === Serving from 'D:\fbroot\weather'...
[info] 
[debug] [2018-10-15T02:11:01.978Z] >>> HTTP REQUEST GET https://mobilesdk-pa.googleapis.com/v1/projects/10315951746/clients/_:getWebAppConfig  
 
[debug] [2018-10-15T02:11:02.612Z] <<< HTTP RESPONSE 200
[warn] !  hosting: Port 5000 is not available. Trying another port...
[info] i  hosting[booldook-weather]: Serving hosting files from: public
[info] +  hosting[booldook-weather]: Local server: http://localhost:5005
